<?xml version="1.0" encoding="UTF-8"?>
<testsuite name="com.company.app.AppTest" tests="1" skipped="0" failures="0" errors="0" timestamp="2014-11-17T18:08:19" hostname="VM-Espiga" time="0.016">
  <properties/>
  <testcase name="thisAlwaysPasses" classname="com.company.app.AppTest" time="0.016"/>
  <system-out><![CDATA[]]></system-out>
  <system-err><![CDATA[]]></system-err>
</testsuite>
